<?xml version="1.0" encoding="utf-8"?><testsuite errors="0" failures="2" name="pytest" skips="0" tests="9" time="0.096"><testcase classname="pytests.test_index" file="pytests/test_index.py" line="3" name="test_driver_class_vars" time="0.0009365081787109375"></testcase><testcase classname="pytests.test_index" file="pytests/test_index.py" line="7" name="test_driver_class_init" time="0.0007250308990478516"></testcase><testcase classname="pytests.test_index" file="pytests/test_index.py" line="15" name="test_fleet_size_class_method" time="0.0009725093841552734"></testcase><testcase classname="pytests.test_index" file="pytests/test_index.py" line="19" name="test_driver_names_class_method" time="0.0007729530334472656"><failure message="NameError: name &apos;true&apos; is not defined">def test_driver_names_class_method():
        assert &quot;driver_names&quot; in Driver.__dict__.keys(), &quot;Missing class method &apos;driver_names&apos; in the Driver class&quot;
        # assert Driver.driver_names() == [&quot;Terrance&quot;, &quot;Rachel&quot;, &quot;Jeff&quot;, &quot;Lore&quot;]
&gt;       assert true == false
E       NameError: name &apos;true&apos; is not defined

pytests/test_index.py:23: NameError</failure></testcase><testcase classname="pytests.test_index" file="pytests/test_index.py" line="24" name="test_fleet_makes_class_method" time="0.0007228851318359375"><failure message="NameError: name &apos;true&apos; is not defined">def test_fleet_makes_class_method():
        assert &quot;fleet_makes&quot; in Driver.__dict__.keys(), &quot;Missing class method &apos;fleet_makes&apos; in the Driver class&quot;
        # assert sorted(Driver.fleet_makes()) == sorted([&quot;Toyota&quot;, &quot;Toyota&quot;, &quot;Subaru&quot;, &quot;Honda&quot;])
&gt;       assert true == false
E       NameError: name &apos;true&apos; is not defined

pytests/test_index.py:28: NameError</failure></testcase><testcase classname="pytests.test_index" file="pytests/test_index.py" line="29" name="test_fleet_models_class_method" time="0.0006554126739501953"></testcase><testcase classname="pytests.test_index" file="pytests/test_index.py" line="33" name="test_fleet_makes_count_class_method" time="0.0007500648498535156"></testcase><testcase classname="pytests.test_index" file="pytests/test_index.py" line="37" name="test_fleet_models_count_class_method" time="0.0006840229034423828"></testcase><testcase classname="pytests.test_index" file="pytests/test_index.py" line="41" name="test_percent_of_fleet_class_method" time="0.001009225845336914"></testcase></testsuite>